# JRE version: OpenJDK Runtime Environment (17.0.1+12) (build 17.0.1+12-39)
# Java VM: OpenJDK 64-Bit Server VM (17.0.1+12-39, mixed mode, emulated-client, sharing, tiered, compressed oops, compressed class ptrs, g1 gc, windows-amd64)
GC Precious Log:
 CPUs: 8 total, 8 available
 Memory: 16064M
 Large Page Support: Disabled
 NUMA Support: Disabled
 Compressed Oops: Enabled (Zero based)
 Heap Region Size: 2M
 Heap Min Capacity: 8M
 Heap Initial Capacity: 252M
 Heap Max Capacity: 4018M
 Pre-touch: Disabled
 Parallel Workers: 8
 Concurrent Workers: 2
 Concurrent Refinement Workers: 8
 Periodic GC: Disabled
Heap:
 garbage-first heap   total 282624K, used 211883K [0x0000000704e00000, 0x0000000800000000)
  region size 2048K, 73 young (149504K), 8 survivors (16384K)
 Metaspace       used 82663K, committed 83392K, reserved 1122304K
  class space    used 11939K, committed 12288K, reserved 1048576K
GC Heap History (20 events):
Event: 6.975 GC heap before
{Heap before GC invocations=26 (full 0):
 garbage-first heap   total 161792K, used 137048K [0x0000000704e00000, 0x0000000800000000)
  region size 2048K, 44 young (90112K), 2 survivors (4096K)
 Metaspace       used 35291K, committed 35776K, reserved 1081344K
  class space    used 4814K, committed 5056K, reserved 1048576K
}
Event: 6.978 GC heap after
{Heap after GC invocations=27 (full 0):
 garbage-first heap   total 323584K, used 51538K [0x0000000704e00000, 0x0000000800000000)
  region size 2048K, 2 young (4096K), 2 survivors (4096K)
 Metaspace       used 35291K, committed 35776K, reserved 1081344K
  class space    used 4814K, committed 5056K, reserved 1048576K
}
Event: 8.480 GC heap before
{Heap before GC invocations=27 (full 0):
 garbage-first heap   total 323584K, used 239954K [0x0000000704e00000, 0x0000000800000000)
  region size 2048K, 94 young (192512K), 2 survivors (4096K)
 Metaspace       used 47044K, committed 47488K, reserved 1097728K
  class space    used 6527K, committed 6720K, reserved 1048576K
}
Event: 8.487 GC heap after
{Heap after GC invocations=28 (full 0):
 garbage-first heap   total 323584K, used 56693K [0x0000000704e00000, 0x0000000800000000)
  region size 2048K, 5 young (10240K), 5 survivors (10240K)
 Metaspace       used 47044K, committed 47488K, reserved 1097728K
  class space    used 6527K, committed 6720K, reserved 1048576K
}
Event: 10.167 GC heap before
{Heap before GC invocations=28 (full 0):
 garbage-first heap   total 323584K, used 238965K [0x0000000704e00000, 0x0000000800000000)
  region size 2048K, 94 young (192512K), 5 survivors (10240K)
 Metaspace       used 54311K, committed 54848K, reserved 1097728K
  class space    used 7667K, committed 7936K, reserved 1048576K
}
Event: 10.173 GC heap after
{Heap after GC invocations=29 (full 0):
 garbage-first heap   total 323584K, used 59708K [0x0000000704e00000, 0x0000000800000000)
  region size 2048K, 6 young (12288K), 6 survivors (12288K)
 Metaspace       used 54311K, committed 54848K, reserved 1097728K
  class space    used 7667K, committed 7936K, reserved 1048576K
}
Event: 10.903 GC heap before
{Heap before GC invocations=29 (full 0):
 garbage-first heap   total 323584K, used 149820K [0x0000000704e00000, 0x0000000800000000)
  region size 2048K, 51 young (104448K), 6 survivors (12288K)
 Metaspace       used 59089K, committed 59648K, reserved 1105920K
  class space    used 8401K, committed 8704K, reserved 1048576K
}
Event: 10.911 GC heap after
{Heap after GC invocations=30 (full 0):
 garbage-first heap   total 323584K, used 61305K [0x0000000704e00000, 0x0000000800000000)
  region size 2048K, 7 young (14336K), 7 survivors (14336K)
 Metaspace       used 59089K, committed 59648K, reserved 1105920K
  class space    used 8401K, committed 8704K, reserved 1048576K
}
Event: 11.961 GC heap before
{Heap before GC invocations=31 (full 0):
 garbage-first heap   total 225280K, used 182137K [0x0000000704e00000, 0x0000000800000000)
  region size 2048K, 66 young (135168K), 7 survivors (14336K)
 Metaspace       used 67350K, committed 67904K, reserved 1114112K
  class space    used 9802K, committed 10048K, reserved 1048576K
}
Event: 11.972 GC heap after
{Heap after GC invocations=32 (full 0):
 garbage-first heap   total 225280K, used 66192K [0x0000000704e00000, 0x0000000800000000)
  region size 2048K, 5 young (10240K), 5 survivors (10240K)
 Metaspace       used 67350K, committed 67904K, reserved 1114112K
  class space    used 9802K, committed 10048K, reserved 1048576K
}
Event: 12.423 GC heap before
{Heap before GC invocations=32 (full 0):
 garbage-first heap   total 225280K, used 191120K [0x0000000704e00000, 0x0000000800000000)
  region size 2048K, 66 young (135168K), 5 survivors (10240K)
 Metaspace       used 67809K, committed 68416K, reserved 1114112K
  class space    used 9863K, committed 10112K, reserved 1048576K
}
Event: 12.431 GC heap after
{Heap after GC invocations=33 (full 0):
 garbage-first heap   total 225280K, used 67873K [0x0000000704e00000, 0x0000000800000000)
  region size 2048K, 6 young (12288K), 6 survivors (12288K)
 Metaspace       used 67809K, committed 68416K, reserved 1114112K
  class space    used 9863K, committed 10112K, reserved 1048576K
}
Event: 12.733 GC heap before
{Heap before GC invocations=33 (full 0):
 garbage-first heap   total 225280K, used 188705K [0x0000000704e00000, 0x0000000800000000)
  region size 2048K, 65 young (133120K), 6 survivors (12288K)
 Metaspace       used 68053K, committed 68672K, reserved 1114112K
  class space    used 9900K, committed 10176K, reserved 1048576K
}
Event: 12.741 GC heap after
{Heap after GC invocations=34 (full 0):
 garbage-first heap   total 225280K, used 69478K [0x0000000704e00000, 0x0000000800000000)
  region size 2048K, 6 young (12288K), 6 survivors (12288K)
 Metaspace       used 68053K, committed 68672K, reserved 1114112K
  class space    used 9900K, committed 10176K, reserved 1048576K
}
Event: 13.364 GC heap before
{Heap before GC invocations=34 (full 0):
 garbage-first heap   total 225280K, used 186214K [0x0000000704e00000, 0x0000000800000000)
  region size 2048K, 63 young (129024K), 6 survivors (12288K)
 Metaspace       used 69807K, committed 70464K, reserved 1114112K
  class space    used 10126K, committed 10432K, reserved 1048576K
}
Event: 13.371 GC heap after
{Heap after GC invocations=35 (full 0):
 garbage-first heap   total 282624K, used 71295K [0x0000000704e00000, 0x0000000800000000)
  region size 2048K, 6 young (12288K), 6 survivors (12288K)
 Metaspace       used 69807K, committed 70464K, reserved 1114112K
  class space    used 10126K, committed 10432K, reserved 1048576K
}
Event: 14.070 GC heap before
{Heap before GC invocations=35 (full 0):
 garbage-first heap   total 282624K, used 226943K [0x0000000704e00000, 0x0000000800000000)
  region size 2048K, 82 young (167936K), 6 survivors (12288K)
 Metaspace       used 72592K, committed 73280K, reserved 1114112K
  class space    used 10488K, committed 10816K, reserved 1048576K
}
Event: 14.077 GC heap after
{Heap after GC invocations=36 (full 0):
 garbage-first heap   total 282624K, used 74317K [0x0000000704e00000, 0x0000000800000000)
  region size 2048K, 7 young (14336K), 7 survivors (14336K)
 Metaspace       used 72592K, committed 73280K, reserved 1114112K
  class space    used 10488K, committed 10816K, reserved 1048576K
}
Event: 45.401 GC heap before
{Heap before GC invocations=36 (full 0):
 garbage-first heap   total 282624K, used 225869K [0x0000000704e00000, 0x0000000800000000)
  region size 2048K, 82 young (167936K), 7 survivors (14336K)
 Metaspace       used 82605K, committed 83328K, reserved 1122304K
  class space    used 11930K, committed 12288K, reserved 1048576K
}
Event: 45.410 GC heap after
{Heap after GC invocations=37 (full 0):
 garbage-first heap   total 282624K, used 80811K [0x0000000704e00000, 0x0000000800000000)
  region size 2048K, 8 young (16384K), 8 survivors (16384K)
 Metaspace       used 82605K, committed 83328K, reserved 1122304K
  class space    used 11930K, committed 12288K, reserved 1048576K
}

